AndroidProjects/SoBlocks/app/build/intermediates/manifest_merge_blame_file/debug/manifest-merger-blame-debug-report.txt
1<?xml version="1.0" encoding="utf-8"?>
2<manifest xmlns:android="http://schemas.android.com/apk/res/android"
3    package="com.alex.yakushev.app.soblocks"
4    android:versionCode="1"
5    android:versionName="1.0" >
6
7    <uses-sdk
8        android:minSdkVersion="15"
8-->src\main\AndroidManifest.xml
9        android:targetSdkVersion="26" />
9-->src\main\AndroidManifest.xml
10
11    <uses-permission android:name="android.permission.INTERNET" />
11-->src\main\AndroidManifest.xml:5:5-66
11-->src\main\AndroidManifest.xml:5:22-64
12    <uses-permission android:name="android.permission.ACCESS_NETWORK_STATE" />
12-->src\main\AndroidManifest.xml:6:5-78
12-->src\main\AndroidManifest.xml:6:22-76
13
14    <application
14-->src\main\AndroidManifest.xml:8:5-35:19
15        android:allowBackup="true"
15-->src\main\AndroidManifest.xml:9:9-35
16        android:debuggable="true"
17        android:icon="@mipmap/ic_launcher"
17-->src\main\AndroidManifest.xml:10:9-43
18        android:label="@string/app_name"
18-->src\main\AndroidManifest.xml:11:9-41
19        android:supportsRtl="true"
19-->src\main\AndroidManifest.xml:12:9-35
20        android:testOnly="true"
21        android:theme="@style/AppTheme" >
21-->src\main\AndroidManifest.xml:13:9-40
22
23        <!-- This meta-data tag is required to use Google Play Services. -->
24        <meta-data
24-->src\main\AndroidManifest.xml:15:9-121
25            android:name="com.google.android.gms.version"
25-->src\main\AndroidManifest.xml:15:20-65
26            android:value="@integer/google_play_services_version" />
26-->src\main\AndroidManifest.xml:15:66-119
27
28        <activity
28-->src\main\AndroidManifest.xml:16:9-24:20
29            android:name="com.alex.yakushev.app.soblocks.MainActivity"
29-->src\main\AndroidManifest.xml:17:13-41
30            android:screenOrientation="portrait" >
30-->src\main\AndroidManifest.xml:18:13-49
31            <intent-filter>
31-->src\main\AndroidManifest.xml:19:13-23:29
32                <action android:name="android.intent.action.MAIN" />
32-->src\main\AndroidManifest.xml:20:17-69
32-->src\main\AndroidManifest.xml:20:25-66
33
34                <category android:name="android.intent.category.LAUNCHER" />
34-->src\main\AndroidManifest.xml:22:17-77
34-->src\main\AndroidManifest.xml:22:27-74
35            </intent-filter>
36        </activity>
37        <activity
37-->src\main\AndroidManifest.xml:25:9-27:51
38            android:name="com.alex.yakushev.app.soblocks.GameActivity"
38-->src\main\AndroidManifest.xml:26:13-41
39            android:screenOrientation="portrait" />
39-->src\main\AndroidManifest.xml:27:13-49
40        <activity
40-->src\main\AndroidManifest.xml:28:9-30:51
41            android:name="com.alex.yakushev.app.soblocks.ScoreActivity"
41-->src\main\AndroidManifest.xml:29:13-42
42            android:screenOrientation="portrait" />
42-->src\main\AndroidManifest.xml:30:13-49
43        <!-- Include the AdActivity configChanges and theme. -->
44        <activity
44-->src\main\AndroidManifest.xml:32:9-34:64
45            android:name="com.google.android.gms.ads.AdActivity"
45-->src\main\AndroidManifest.xml:32:19-71
46            android:configChanges="keyboard|keyboardHidden|orientation|screenLayout|uiMode|screenSize|smallestScreenSize"
46-->src\main\AndroidManifest.xml:33:13-122
47            android:theme="@android:style/Theme.Translucent" />
47-->src\main\AndroidManifest.xml:34:13-61
48
49        <meta-data
49-->[com.android.support:appcompat-v7:26.1.0] AndroidManifest.xml:26:9-28:38
50            android:name="android.support.VERSION"
50-->[com.android.support:appcompat-v7:26.1.0] AndroidManifest.xml:27:13-51
51            android:value="26.1.0" />
51-->[com.android.support:appcompat-v7:26.1.0] AndroidManifest.xml:28:13-35
52
53        <activity
53-->[com.google.android.gms:play-services-ads-lite:10.2.0] AndroidManifest.xml:26:9-131
54            android:name="com.google.android.gms.ads.purchase.InAppPurchaseActivity"
54-->[com.google.android.gms:play-services-ads-lite:10.2.0] AndroidManifest.xml:26:19-91
55            android:theme="@style/Theme.IAPTheme" />
55-->[com.google.android.gms:play-services-ads-lite:10.2.0] AndroidManifest.xml:26:92-129
56        <activity
56-->[com.google.android.gms:play-services-base:10.2.0] AndroidManifest.xml:19:9-172
57            android:name="com.google.android.gms.common.api.GoogleApiActivity"
57-->[com.google.android.gms:play-services-base:10.2.0] AndroidManifest.xml:19:19-85
58            android:exported="false"
58-->[com.google.android.gms:play-services-base:10.2.0] AndroidManifest.xml:19:146-170
59            android:theme="@android:style/Theme.Translucent.NoTitleBar" />
59-->[com.google.android.gms:play-services-base:10.2.0] AndroidManifest.xml:19:86-145
60
61        <meta-data
61-->[android.arch.lifecycle:runtime:1.0.0] AndroidManifest.xml:25:9-27:47
62            android:name="android.arch.lifecycle.VERSION"
62-->[android.arch.lifecycle:runtime:1.0.0] AndroidManifest.xml:26:13-58
63            android:value="27.0.0-SNAPSHOT" />
63-->[android.arch.lifecycle:runtime:1.0.0] AndroidManifest.xml:27:13-44
64    </application>
65
66</manifest>